# JRE version: OpenJDK Runtime Environment 18.9 (11.0.15+10) (build 11.0.15+10)
# Java VM: OpenJDK 64-Bit Server VM 18.9 (11.0.15+10, mixed mode, tiered, compressed oops, g1 gc, windows-amd64)
Heap:
 garbage-first heap   total 126976K, used 59396K [0x0000000080000000, 0x0000000100000000)
  region size 1024K, 39 young (39936K), 6 survivors (6144K)
 Metaspace       used 41313K, capacity 42322K, committed 42448K, reserved 555008K
  class space    used 5133K, capacity 5503K, committed 5504K, reserved 516096K
GC Heap History (14 events):
Event: 0.870 GC heap before
{Heap before GC invocations=0 (full 0):
 garbage-first heap   total 126976K, used 30720K [0x0000000080000000, 0x0000000100000000)
  region size 1024K, 24 young (24576K), 0 survivors (0K)
 Metaspace       used 9870K, capacity 10130K, committed 10368K, reserved 526336K
  class space    used 1010K, capacity 1102K, committed 1152K, reserved 516096K
}
Event: 0.878 GC heap after
{Heap after GC invocations=1 (full 0):
 garbage-first heap   total 126976K, used 9628K [0x0000000080000000, 0x0000000100000000)
  region size 1024K, 3 young (3072K), 3 survivors (3072K)
 Metaspace       used 9870K, capacity 10130K, committed 10368K, reserved 526336K
  class space    used 1010K, capacity 1102K, committed 1152K, reserved 516096K
}
Event: 3.850 GC heap before
{Heap before GC invocations=1 (full 0):
 garbage-first heap   total 126976K, used 83356K [0x0000000080000000, 0x0000000100000000)
  region size 1024K, 74 young (75776K), 3 survivors (3072K)
 Metaspace       used 18405K, capacity 18759K, committed 18944K, reserved 534528K
  class space    used 2163K, capacity 2276K, committed 2304K, reserved 516096K
}
Event: 3.856 GC heap after
{Heap after GC invocations=2 (full 0):
 garbage-first heap   total 126976K, used 16741K [0x0000000080000000, 0x0000000100000000)
  region size 1024K, 10 young (10240K), 10 survivors (10240K)
 Metaspace       used 18405K, capacity 18759K, committed 18944K, reserved 534528K
  class space    used 2163K, capacity 2276K, committed 2304K, reserved 516096K
}
Event: 4.423 GC heap before
{Heap before GC invocations=2 (full 0):
 garbage-first heap   total 126976K, used 34149K [0x0000000080000000, 0x0000000100000000)
  region size 1024K, 28 young (28672K), 10 survivors (10240K)
 Metaspace       used 20717K, capacity 21167K, committed 21296K, reserved 536576K
  class space    used 2484K, capacity 2657K, committed 2688K, reserved 516096K
}
Event: 4.431 GC heap after
{Heap after GC invocations=3 (full 0):
 garbage-first heap   total 126976K, used 17640K [0x0000000080000000, 0x0000000100000000)
  region size 1024K, 1 young (1024K), 1 survivors (1024K)
 Metaspace       used 20717K, capacity 21167K, committed 21296K, reserved 536576K
  class space    used 2484K, capacity 2657K, committed 2688K, reserved 516096K
}
Event: 5.615 GC heap before
{Heap before GC invocations=4 (full 0):
 garbage-first heap   total 126976K, used 63720K [0x0000000080000000, 0x0000000100000000)
  region size 1024K, 47 young (48128K), 1 survivors (1024K)
 Metaspace       used 25460K, capacity 26011K, committed 26160K, reserved 540672K
  class space    used 3216K, capacity 3422K, committed 3456K, reserved 516096K
}
Event: 5.618 GC heap after
{Heap after GC invocations=5 (full 0):
 garbage-first heap   total 126976K, used 19168K [0x0000000080000000, 0x0000000100000000)
  region size 1024K, 3 young (3072K), 3 survivors (3072K)
 Metaspace       used 25460K, capacity 26011K, committed 26160K, reserved 540672K
  class space    used 3216K, capacity 3422K, committed 3456K, reserved 516096K
}
Event: 6.416 GC heap before
{Heap before GC invocations=5 (full 0):
 garbage-first heap   total 126976K, used 71392K [0x0000000080000000, 0x0000000100000000)
  region size 1024K, 54 young (55296K), 3 survivors (3072K)
 Metaspace       used 30612K, capacity 31310K, committed 31408K, reserved 544768K
  class space    used 4014K, capacity 4280K, committed 4352K, reserved 516096K
}
Event: 6.419 GC heap after
{Heap after GC invocations=6 (full 0):
 garbage-first heap   total 126976K, used 20693K [0x0000000080000000, 0x0000000100000000)
  region size 1024K, 4 young (4096K), 4 survivors (4096K)
 Metaspace       used 30612K, capacity 31310K, committed 31408K, reserved 544768K
  class space    used 4014K, capacity 4280K, committed 4352K, reserved 516096K
}
Event: 6.905 GC heap before
{Heap before GC invocations=6 (full 0):
 garbage-first heap   total 126976K, used 34005K [0x0000000080000000, 0x0000000100000000)
  region size 1024K, 18 young (18432K), 4 survivors (4096K)
 Metaspace       used 34986K, capacity 35770K, committed 35920K, reserved 548864K
  class space    used 4442K, capacity 4768K, committed 4864K, reserved 516096K
}
Event: 6.917 GC heap after
{Heap after GC invocations=7 (full 0):
 garbage-first heap   total 126976K, used 23005K [0x0000000080000000, 0x0000000100000000)
  region size 1024K, 7 young (7168K), 7 survivors (7168K)
 Metaspace       used 34986K, capacity 35770K, committed 35920K, reserved 548864K
  class space    used 4442K, capacity 4768K, committed 4864K, reserved 516096K
}
Event: 7.794 GC heap before
{Heap before GC invocations=8 (full 0):
 garbage-first heap   total 126976K, used 72157K [0x0000000080000000, 0x0000000100000000)
  region size 1024K, 52 young (53248K), 7 survivors (7168K)
 Metaspace       used 39733K, capacity 40640K, committed 40784K, reserved 552960K
  class space    used 4942K, capacity 5256K, committed 5376K, reserved 516096K
}
Event: 7.801 GC heap after
{Heap after GC invocations=9 (full 0):
 garbage-first heap   total 126976K, used 26628K [0x0000000080000000, 0x0000000100000000)
  region size 1024K, 6 young (6144K), 6 survivors (6144K)
 Metaspace       used 39733K, capacity 40640K, committed 40784K, reserved 552960K
  class space    used 4942K, capacity 5256K, committed 5376K, reserved 516096K
}

